<?xml version="1.0" encoding="UTF-8"?>
<testng-results ignored="0" total="3" passed="3" failed="0" skipped="0">
  <reporter-output>
  </reporter-output>
  <suite started-at="2024-03-08T15:36:24 IST" name="Default suite" finished-at="2024-03-08T15:36:26 IST" duration-ms="2008">
    <groups>
    </groups>
    <test started-at="2024-03-08T15:36:24 IST" name="Default test" finished-at="2024-03-08T15:36:26 IST" duration-ms="2008">
      <class name="DynamicJson">
        <test-method signature="addBook(java.lang.String,java.lang.String)[pri:0, instance:DynamicJson@245b4bdc]" started-at="2024-03-08T15:36:24 IST" name="addBook" data-provider="BooksData" finished-at="2024-03-08T15:36:26 IST" duration-ms="1573" status="PASS">
          <params>
            <param index="0">
              <value>
                <![CDATA[omv]]>
              </value>
            </param>
            <param index="1">
              <value>
                <![CDATA[845]]>
              </value>
            </param>
          </params>
          <reporter-output>
          </reporter-output>
        </test-method> <!-- addBook -->
        <test-method signature="addBook(java.lang.String,java.lang.String)[pri:0, instance:DynamicJson@245b4bdc]" started-at="2024-03-08T15:36:26 IST" name="addBook" data-provider="BooksData" finished-at="2024-03-08T15:36:26 IST" duration-ms="206" status="PASS">
          <params>
            <param index="0">
              <value>
                <![CDATA[eeo]]>
              </value>
            </param>
            <param index="1">
              <value>
                <![CDATA[935]]>
              </value>
            </param>
          </params>
          <reporter-output>
          </reporter-output>
        </test-method> <!-- addBook -->
        <test-method signature="addBook(java.lang.String,java.lang.String)[pri:0, instance:DynamicJson@245b4bdc]" started-at="2024-03-08T15:36:26 IST" name="addBook" data-provider="BooksData" finished-at="2024-03-08T15:36:26 IST" duration-ms="191" status="PASS">
          <params>
            <param index="0">
              <value>
                <![CDATA[ikv]]>
              </value>
            </param>
            <param index="1">
              <value>
                <![CDATA[463]]>
              </value>
            </param>
          </params>
          <reporter-output>
          </reporter-output>
        </test-method> <!-- addBook -->
      </class> <!-- DynamicJson -->
    </test> <!-- Default test -->
  </suite> <!-- Default suite -->
</testng-results>
